/*C2*/CONNECT USER SA
DELETE FROM INFOACESSO WHERE USUARIOREGISTRADO='nulo'
DELETE FROM INFOACESSO WHERE USUARIOREGISTRADO='nulo'
INSERT INTO INFOACESSO VALUES('pedro')
INSERT INTO INFOACESSO VALUES('pedro')
INSERT INTO REGISTROOPERACAO VALUES(21,'2005-10-18','17:24:21','pedro','BFR::execution(String GerReserva.GerReserva.fazerReserva(DetalhesReserva, DadosCliente))')
INSERT INTO RESERVA VALUES(1,4,'RES001','2005-10-20','2005-10-30','SINGLE',FALSE)
INSERT INTO REGISTROOPERACAO VALUES(22,'2005-10-18','17:24:21','pedro','AFTR::execution(String GerReserva.GerReserva.fazerReserva(DetalhesReserva, DadosCliente))')
INSERT INTO REGISTROOPERACAO VALUES(23,'2005-10-18','17:25:53','pedro','BFR::execution(void GerReserva.GerReserva.completarDadosCliente(DadosCompletoCliente))')
INSERT INTO CLIENTE VALUES(4,'Haruo','23423','sam@icmc.usp.br','34234','234','234','234','234','234','234',NULL)
INSERT INTO REGISTROOPERACAO VALUES(24,'2005-10-18','17:25:53','pedro','AFTR::execution(void GerReserva.GerReserva.completarDadosCliente(DadosCompletoCliente))')
INSERT INTO REGISTROOPERACAO VALUES(25,'2005-10-18','17:25:53','pedro','BFR::execution(int GerReserva.GerReserva.iniciarEstada(String, DadosCompletoCliente))')
DELETE FROM RESERVA WHERE HOTELID=1 AND CLIID=4 AND CODRESERVA='RES001' AND DATAINI='2005-10-20' AND DATAFIM='2005-10-30' AND TIPO='SINGLE' AND STATUS=FALSE
INSERT INTO RESERVA VALUES(1,4,'RES001','2005-11-20','2005-11-30','SINGLE',TRUE)
INSERT INTO ESTADA VALUES(1,4,'RES001',105,FALSE)
DELETE FROM ACOMODACAO WHERE HOTELID=1 AND NUMERO=105 AND TIPO='SINGLE' AND STATUS=FALSE
INSERT INTO ACOMODACAO VALUES(1,105,'SINGLE',TRUE)
INSERT INTO REGISTROOPERACAO VALUES(26,'2005-10-18','17:25:53','pedro','AFTR::execution(int GerReserva.GerReserva.iniciarEstada(String, DadosCompletoCliente))')
INSERT INTO CONTA VALUES(1,4,FALSE)
INSERT INTO LANCAMENTOS VALUES(1,1,'add','Estada no Hotel',550.0E0,110.0E0)
DELETE FROM INFOACESSO WHERE USUARIOREGISTRADO='pedro'
DELETE FROM INFOACESSO WHERE USUARIOREGISTRADO='pedro'
INSERT INTO INFOACESSO VALUES('nulo')
INSERT INTO INFOACESSO VALUES('nulo')
DELETE FROM INFOACESSO WHERE USUARIOREGISTRADO='nulo'
DELETE FROM INFOACESSO WHERE USUARIOREGISTRADO='nulo'
INSERT INTO INFOACESSO VALUES('mareler')
INSERT INTO INFOACESSO VALUES('mareler')
DELETE FROM INFOACESSO WHERE USUARIOREGISTRADO='mareler'
DELETE FROM INFOACESSO WHERE USUARIOREGISTRADO='mareler'
INSERT INTO INFOACESSO VALUES('nulo')
INSERT INTO INFOACESSO VALUES('nulo')
